<?xml version="1.0" encoding="UTF-8"?>
<!-- Generated by org.testng.reporters.JUnitReportReporter -->
<testsuite hostname="DESKTOP-PL9R1CG" failures="0" tests="6" name="com.hrms.testcases.AddMultipleEmp" time="92.435" errors="0" timestamp="2020-05-30T22:27:28 EDT" skipped="0">
  <testcase classname="com.hrms.testcases.AddMultipleEmp" name="addMultipleEmp" time="14.458"/>
  <system-out/>
  <testcase classname="com.hrms.testcases.AddMultipleEmp" name="addMultipleEmp" time="14.582"/>
  <system-out/>
  <testcase classname="com.hrms.testcases.AddMultipleEmp" name="addMultipleEmp" time="15.030"/>
  <system-out/>
  <testcase classname="com.hrms.testcases.AddMultipleEmp" name="addMultipleEmp" time="13.347"/>
  <system-out/>
  <testcase classname="com.hrms.testcases.AddMultipleEmp" name="addMultipleEmp" time="15.929"/>
  <system-out/>
  <testcase classname="com.hrms.testcases.AddMultipleEmp" name="addMultipleEmp" time="19.089"/>
  <system-out/>
</testsuite> <!-- com.hrms.testcases.AddMultipleEmp -->
