<?xml version="1.0" encoding="UTF-8"?>
<!-- Generated by org.testng.reporters.JUnitReportReporter -->
<testsuite hostname="DESKTOP-PL9R1CG" failures="0" tests="3" name="com.hrms.testcases.LoginTest" time="18.384" errors="0" timestamp="2020-05-30T22:27:28 EDT" skipped="0">
  <testcase classname="com.hrms.testcases.LoginTest" name="emptyUsernameLogin" time="5.067"/>
  <system-out/>
  <testcase classname="com.hrms.testcases.LoginTest" name="validAdminLogin" time="7.382"/>
  <system-out/>
  <testcase classname="com.hrms.testcases.LoginTest" name="invalidPasswordLogin" time="5.935"/>
  <system-out/>
</testsuite> <!-- com.hrms.testcases.LoginTest -->
